<?xml version="1.0" encoding="UTF-8"?>
<testng-results ignored="0" total="1" passed="1" failed="0" skipped="0">
  <reporter-output>
  </reporter-output>
  <suite started-at="2023-04-19T10:55:48 IST" name="masterSuite" finished-at="2023-04-19T10:56:09 IST" duration-ms="20344">
    <groups>
      <group name="sanity">
        <method signature="TC_LoginTest.test_login()[pri:0, instance:testCases.TC_LoginTest@4d1bf319]" name="test_login" class="testCases.TC_LoginTest"/>
      </group> <!-- sanity -->
      <group name="master">
        <method signature="TC_LoginTest.test_login()[pri:0, instance:testCases.TC_LoginTest@4d1bf319]" name="test_login" class="testCases.TC_LoginTest"/>
      </group> <!-- master -->
    </groups>
    <test started-at="2023-04-19T10:55:48 IST" name="masterTest" finished-at="2023-04-19T10:56:09 IST" duration-ms="20344">
      <class name="testCases.TC_LoginTest">
        <test-method is-config="true" signature="setup(java.lang.String)[pri:0, instance:testCases.TC_LoginTest@4d1bf319]" started-at="2023-04-19T10:55:49 IST" name="setup" finished-at="2023-04-19T10:55:58 IST" duration-ms="8609" status="PASS">
          <params>
            <param index="0">
              <value>
                <![CDATA[chrome]]>
              </value>
            </param>
          </params>
          <reporter-output>
          </reporter-output>
        </test-method> <!-- setup -->
        <test-method signature="test_login()[pri:0, instance:testCases.TC_LoginTest@4d1bf319]" started-at="2023-04-19T10:55:58 IST" name="test_login" finished-at="2023-04-19T10:56:07 IST" duration-ms="9641" status="PASS">
          <reporter-output>
          </reporter-output>
        </test-method> <!-- test_login -->
        <test-method is-config="true" signature="tearDown()[pri:0, instance:testCases.TC_LoginTest@4d1bf319]" started-at="2023-04-19T10:56:07 IST" name="tearDown" finished-at="2023-04-19T10:56:09 IST" duration-ms="1393" status="PASS">
          <reporter-output>
          </reporter-output>
        </test-method> <!-- tearDown -->
      </class> <!-- testCases.TC_LoginTest -->
    </test> <!-- masterTest -->
  </suite> <!-- masterSuite -->
</testng-results>
